<?xml version="1.0" encoding="UTF-8"?>
<!-- Generated by org.testng.reporters.JUnitXMLReporter -->
<testsuite ignored="6" hostname="Bhairavi" failures="0" tests="4" name="Tests" time="22.219" errors="0" timestamp="12 Jul 2024 13:02:52 GMT">
  <testcase classname="com.shopping.FashionModule.AddFashionProductToCart" name="addFashionProductToCartTest" time="2.529"/>
  <testcase classname="com.shopping.FashionModule.AddFashionProductToWishlist" name="addFashionProductToWishlistTest" time="1.468"/>
  <testcase classname="com.shopping.ToysModule.AddToysProductTocart" name="addToysProductToCart" time="0.855"/>
  <testcase classname="com.shopping.ToysModule.OrderCarProductWithCod" name="orderCarProductWithCod" time="1.915"/>
  <testcase classname="com.comcast.crm.generic.basetest.BaseClass" name="@BeforeSuite configBS" time="0.0">
    <ignored/>
  </testcase> <!-- @BeforeSuite configBS -->
  <testcase classname="com.comcast.crm.generic.basetest.BaseClass" name="@BeforeSuite configBS" time="0.0">
    <ignored/>
  </testcase> <!-- @BeforeSuite configBS -->
  <testcase classname="com.comcast.crm.generic.basetest.BaseClass" name="@BeforeSuite configBS" time="0.0">
    <ignored/>
  </testcase> <!-- @BeforeSuite configBS -->
  <testcase classname="com.comcast.crm.generic.basetest.BaseClass" name="@AfterSuite configAS" time="0.0">
    <ignored/>
  </testcase> <!-- @AfterSuite configAS -->
  <testcase classname="com.comcast.crm.generic.basetest.BaseClass" name="@AfterSuite configAS" time="0.0">
    <ignored/>
  </testcase> <!-- @AfterSuite configAS -->
  <testcase classname="com.comcast.crm.generic.basetest.BaseClass" name="@AfterSuite configAS" time="0.0">
    <ignored/>
  </testcase> <!-- @AfterSuite configAS -->
</testsuite> <!-- Tests -->
