<?xml version="1.0" encoding="UTF-8"?>
<!-- Generated by org.testng.reporters.JUnitXMLReporter -->
<testsuite ignored="8" hostname="Bhairavi" failures="5" tests="5" name="Test" time="24.12" errors="0" timestamp="12 Jul 2024 12:07:59 GMT">
  <testcase classname="com.shopping.FashionModule.AddFashionProductToCart" name="addFashionProductToCartTest" time="0.032">
    <failure type="java.lang.NullPointerException" message="Cannot invoke &amp;quot;com.aventstack.extentreports.ExtentReports.createTest(String)&amp;quot; because &amp;quot;this.report&amp;quot; is null">
      <![CDATA[java.lang.NullPointerException: Cannot invoke "com.aventstack.extentreports.ExtentReports.createTest(String)" because "this.report" is null
at com.comcast.crm.generic.listenerutility.ListImpClass.onTestStart(ListImpClass.java:56)
... Removed 22 stack frames]]>
    </failure>
  </testcase> <!-- addFashionProductToCartTest -->
  <testcase classname="com.shopping.FashionModule.AddFashionProductToWishlist" name="addFashionProductToWishlistTest" time="0.003">
    <failure type="java.lang.NullPointerException" message="Cannot invoke &amp;quot;com.aventstack.extentreports.ExtentReports.createTest(String)&amp;quot; because &amp;quot;this.report&amp;quot; is null">
      <![CDATA[java.lang.NullPointerException: Cannot invoke "com.aventstack.extentreports.ExtentReports.createTest(String)" because "this.report" is null
at com.comcast.crm.generic.listenerutility.ListImpClass.onTestStart(ListImpClass.java:56)
... Removed 22 stack frames]]>
    </failure>
  </testcase> <!-- addFashionProductToWishlistTest -->
  <testcase classname="com.shopping.ToysModule.AddToysProductTocart" name="addToysProductToCart" time="0.003">
    <failure type="java.lang.NullPointerException" message="Cannot invoke &amp;quot;com.aventstack.extentreports.ExtentReports.createTest(String)&amp;quot; because &amp;quot;this.report&amp;quot; is null">
      <![CDATA[java.lang.NullPointerException: Cannot invoke "com.aventstack.extentreports.ExtentReports.createTest(String)" because "this.report" is null
at com.comcast.crm.generic.listenerutility.ListImpClass.onTestStart(ListImpClass.java:56)
... Removed 22 stack frames]]>
    </failure>
  </testcase> <!-- addToysProductToCart -->
  <testcase classname="com.shopping.ToysModule.OrderCarProductWithCod" name="orderCarProductWithCod" time="0.003">
    <failure type="java.lang.NullPointerException" message="Cannot invoke &amp;quot;com.aventstack.extentreports.ExtentReports.createTest(String)&amp;quot; because &amp;quot;this.report&amp;quot; is null">
      <![CDATA[java.lang.NullPointerException: Cannot invoke "com.aventstack.extentreports.ExtentReports.createTest(String)" because "this.report" is null
at com.comcast.crm.generic.listenerutility.ListImpClass.onTestStart(ListImpClass.java:56)
... Removed 22 stack frames]]>
    </failure>
  </testcase> <!-- orderCarProductWithCod -->
  <testcase classname="com.shopping.TrackFunctionality.TrackOrderDate" name="trackOrederDateTest" time="0.001">
    <failure type="java.lang.NullPointerException" message="Cannot invoke &amp;quot;com.aventstack.extentreports.ExtentReports.createTest(String)&amp;quot; because &amp;quot;this.report&amp;quot; is null">
      <![CDATA[java.lang.NullPointerException: Cannot invoke "com.aventstack.extentreports.ExtentReports.createTest(String)" because "this.report" is null
at com.comcast.crm.generic.listenerutility.ListImpClass.onTestStart(ListImpClass.java:56)
... Removed 22 stack frames]]>
    </failure>
  </testcase> <!-- trackOrederDateTest -->
  <testcase classname="com.comcast.crm.generic.basetest.BaseClass" name="@BeforeSuite configBS" time="0.0">
    <ignored/>
  </testcase> <!-- @BeforeSuite configBS -->
  <testcase classname="com.comcast.crm.generic.basetest.BaseClass" name="@BeforeSuite configBS" time="0.0">
    <ignored/>
  </testcase> <!-- @BeforeSuite configBS -->
  <testcase classname="com.comcast.crm.generic.basetest.BaseClass" name="@BeforeSuite configBS" time="0.0">
    <ignored/>
  </testcase> <!-- @BeforeSuite configBS -->
  <testcase classname="com.comcast.crm.generic.basetest.BaseClass" name="@BeforeSuite configBS" time="0.0">
    <ignored/>
  </testcase> <!-- @BeforeSuite configBS -->
  <testcase classname="com.comcast.crm.generic.basetest.BaseClass" name="@AfterSuite configAS" time="0.0">
    <ignored/>
  </testcase> <!-- @AfterSuite configAS -->
  <testcase classname="com.comcast.crm.generic.basetest.BaseClass" name="@AfterSuite configAS" time="0.0">
    <ignored/>
  </testcase> <!-- @AfterSuite configAS -->
  <testcase classname="com.comcast.crm.generic.basetest.BaseClass" name="@AfterSuite configAS" time="0.0">
    <ignored/>
  </testcase> <!-- @AfterSuite configAS -->
  <testcase classname="com.comcast.crm.generic.basetest.BaseClass" name="@AfterSuite configAS" time="0.0">
    <ignored/>
  </testcase> <!-- @AfterSuite configAS -->
</testsuite> <!-- Test -->
