<?xml version="1.0" encoding="UTF-8"?>
<testng-results ignored="6" total="10" passed="4" failed="0" skipped="0">
  <reporter-output>
    <line>
      <![CDATA[FashionPage is displayed]]>
    </line>
    <line>
      <![CDATA[Mens FootwarePage is displayed]]>
    </line>
    <line>
      <![CDATA[Alert is displayed]]>
    </line>
    <line>
      <![CDATA[My cart Page is displayed]]>
    </line>
    <line>
      <![CDATA[Product is present in the my cart list]]>
    </line>
    <line>
      <![CDATA[FashionPage is displayed]]>
    </line>
    <line>
      <![CDATA[Mens FootwarePage is displayed]]>
    </line>
    <line>
      <![CDATA[Mens FootwarePage is displayed]]>
    </line>
    <line>
      <![CDATA[ToysPage is displayed]]>
    </line>
    <line>
      <![CDATA[Metal car is displayed]]>
    </line>
    <line>
      <![CDATA[Product is added to the cart]]>
    </line>
    <line>
      <![CDATA[Alert is displayed]]>
    </line>
    <line>
      <![CDATA[Product is present in the cart list]]>
    </line>
    <line>
      <![CDATA[ToysPage is displayed]]>
    </line>
    <line>
      <![CDATA[Metal car is displayed]]>
    </line>
    <line>
      <![CDATA[Product is added to the cart]]>
    </line>
    <line>
      <![CDATA[Alert is displayed]]>
    </line>
    <line>
      <![CDATA[Checkout button is clicked]]>
    </line>
    <line>
      <![CDATA[Submit Button is clicked]]>
    </line>
    <line>
      <![CDATA[Order Is varified form the Order History Page Button]]>
    </line>
  </reporter-output>
  <suite started-at="2024-07-12T13:02:30Z" name="Suite" finished-at="2024-07-12T13:02:52Z" duration-ms="22219">
    <groups>
      <group name="smokeTest">
        <method signature="AddFashionProductToWishlist.addFashionProductToWishlistTest()[pri:0, instance:com.shopping.FashionModule.AddFashionProductToWishlist@73700b80]" name="addFashionProductToWishlistTest" class="com.shopping.FashionModule.AddFashionProductToWishlist"/>
      </group> <!-- smokeTest -->
    </groups>
    <test started-at="2024-07-12T13:02:30Z" name="Tests" finished-at="2024-07-12T13:02:52Z" duration-ms="22219">
      <class name="com.shopping.FashionModule.AddFashionProductToWishlist">
        <test-method is-config="true" signature="configBC()[pri:0, instance:com.shopping.FashionModule.AddFashionProductToWishlist@73700b80]" started-at="2024-07-12T13:02:38Z" name="configBC" finished-at="2024-07-12T13:02:39Z" duration-ms="1010" status="PASS">
          <reporter-output>
          </reporter-output>
        </test-method> <!-- configBC -->
        <test-method is-config="true" signature="configBM()[pri:0, instance:com.shopping.FashionModule.AddFashionProductToWishlist@73700b80]" started-at="2024-07-12T13:02:39Z" name="configBM" finished-at="2024-07-12T13:02:41Z" duration-ms="1965" status="PASS">
          <reporter-output>
          </reporter-output>
        </test-method> <!-- configBM -->
        <test-method signature="addFashionProductToWishlistTest()[pri:0, instance:com.shopping.FashionModule.AddFashionProductToWishlist@73700b80]" started-at="2024-07-12T13:02:41Z" name="addFashionProductToWishlistTest" finished-at="2024-07-12T13:02:43Z" duration-ms="1468" status="PASS">
          <reporter-output>
            <line>
              <![CDATA[FashionPage is displayed]]>
            </line>
            <line>
              <![CDATA[Mens FootwarePage is displayed]]>
            </line>
            <line>
              <![CDATA[Mens FootwarePage is displayed]]>
            </line>
          </reporter-output>
        </test-method> <!-- addFashionProductToWishlistTest -->
        <test-method is-config="true" signature="configAM()[pri:0, instance:com.shopping.FashionModule.AddFashionProductToWishlist@73700b80]" started-at="2024-07-12T13:02:43Z" name="configAM" finished-at="2024-07-12T13:02:43Z" duration-ms="0" status="PASS">
          <reporter-output>
          </reporter-output>
        </test-method> <!-- configAM -->
        <test-method is-config="true" signature="configAC()[pri:0, instance:com.shopping.FashionModule.AddFashionProductToWishlist@73700b80]" started-at="2024-07-12T13:02:43Z" name="configAC" finished-at="2024-07-12T13:02:43Z" duration-ms="246" status="PASS">
          <reporter-output>
          </reporter-output>
        </test-method> <!-- configAC -->
      </class> <!-- com.shopping.FashionModule.AddFashionProductToWishlist -->
      <class name="com.shopping.ToysModule.AddToysProductTocart">
        <test-method is-config="true" signature="configBC()[pri:0, instance:com.shopping.ToysModule.AddToysProductTocart@49c7b90e]" started-at="2024-07-12T13:02:43Z" name="configBC" finished-at="2024-07-12T13:02:44Z" duration-ms="898" status="PASS">
          <reporter-output>
          </reporter-output>
        </test-method> <!-- configBC -->
        <test-method is-config="true" signature="configBM()[pri:0, instance:com.shopping.ToysModule.AddToysProductTocart@49c7b90e]" started-at="2024-07-12T13:02:44Z" name="configBM" finished-at="2024-07-12T13:02:46Z" duration-ms="2061" status="PASS">
          <reporter-output>
          </reporter-output>
        </test-method> <!-- configBM -->
        <test-method signature="addToysProductToCart()[pri:0, instance:com.shopping.ToysModule.AddToysProductTocart@49c7b90e]" started-at="2024-07-12T13:02:46Z" name="addToysProductToCart" finished-at="2024-07-12T13:02:47Z" duration-ms="855" status="PASS">
          <reporter-output>
            <line>
              <![CDATA[ToysPage is displayed]]>
            </line>
            <line>
              <![CDATA[Metal car is displayed]]>
            </line>
            <line>
              <![CDATA[Product is added to the cart]]>
            </line>
            <line>
              <![CDATA[Alert is displayed]]>
            </line>
            <line>
              <![CDATA[Product is present in the cart list]]>
            </line>
          </reporter-output>
        </test-method> <!-- addToysProductToCart -->
        <test-method is-config="true" signature="configAM()[pri:0, instance:com.shopping.ToysModule.AddToysProductTocart@49c7b90e]" started-at="2024-07-12T13:02:47Z" name="configAM" finished-at="2024-07-12T13:02:47Z" duration-ms="1" status="PASS">
          <reporter-output>
          </reporter-output>
        </test-method> <!-- configAM -->
        <test-method is-config="true" signature="configAC()[pri:0, instance:com.shopping.ToysModule.AddToysProductTocart@49c7b90e]" started-at="2024-07-12T13:02:47Z" name="configAC" finished-at="2024-07-12T13:02:47Z" duration-ms="262" status="PASS">
          <reporter-output>
          </reporter-output>
        </test-method> <!-- configAC -->
      </class> <!-- com.shopping.ToysModule.AddToysProductTocart -->
      <class name="com.shopping.FashionModule.AddFashionProductToCart">
        <test-method is-config="true" signature="configBS()[pri:0, instance:com.shopping.FashionModule.AddFashionProductToCart@6f46426d]" started-at="2024-07-12T13:02:30Z" name="configBS" finished-at="2024-07-12T13:02:30Z" duration-ms="48" status="PASS">
          <reporter-output>
          </reporter-output>
        </test-method> <!-- configBS -->
        <test-method is-config="true" signature="configBC()[pri:0, instance:com.shopping.FashionModule.AddFashionProductToCart@6f46426d]" started-at="2024-07-12T13:02:30Z" name="configBC" finished-at="2024-07-12T13:02:33Z" duration-ms="3364" status="PASS">
          <reporter-output>
          </reporter-output>
        </test-method> <!-- configBC -->
        <test-method is-config="true" signature="configBM()[pri:0, instance:com.shopping.FashionModule.AddFashionProductToCart@6f46426d]" started-at="2024-07-12T13:02:33Z" name="configBM" finished-at="2024-07-12T13:02:36Z" duration-ms="2089" status="PASS">
          <reporter-output>
          </reporter-output>
        </test-method> <!-- configBM -->
        <test-method signature="addFashionProductToCartTest()[pri:0, instance:com.shopping.FashionModule.AddFashionProductToCart@6f46426d]" started-at="2024-07-12T13:02:36Z" name="addFashionProductToCartTest" finished-at="2024-07-12T13:02:38Z" duration-ms="2529" status="PASS">
          <reporter-output>
            <line>
              <![CDATA[FashionPage is displayed]]>
            </line>
            <line>
              <![CDATA[Mens FootwarePage is displayed]]>
            </line>
            <line>
              <![CDATA[Alert is displayed]]>
            </line>
            <line>
              <![CDATA[My cart Page is displayed]]>
            </line>
            <line>
              <![CDATA[Product is present in the my cart list]]>
            </line>
          </reporter-output>
        </test-method> <!-- addFashionProductToCartTest -->
        <test-method is-config="true" signature="configAM()[pri:0, instance:com.shopping.FashionModule.AddFashionProductToCart@6f46426d]" started-at="2024-07-12T13:02:38Z" name="configAM" finished-at="2024-07-12T13:02:38Z" duration-ms="0" status="PASS">
          <reporter-output>
          </reporter-output>
        </test-method> <!-- configAM -->
        <test-method is-config="true" signature="configAC()[pri:0, instance:com.shopping.FashionModule.AddFashionProductToCart@6f46426d]" started-at="2024-07-12T13:02:38Z" name="configAC" finished-at="2024-07-12T13:02:38Z" duration-ms="326" status="PASS">
          <reporter-output>
          </reporter-output>
        </test-method> <!-- configAC -->
        <test-method is-config="true" signature="configAS()[pri:0, instance:com.shopping.FashionModule.AddFashionProductToCart@6f46426d]" started-at="2024-07-12T13:02:52Z" name="configAS" finished-at="2024-07-12T13:02:52Z" duration-ms="1" status="PASS">
          <reporter-output>
          </reporter-output>
        </test-method> <!-- configAS -->
      </class> <!-- com.shopping.FashionModule.AddFashionProductToCart -->
      <class name="com.shopping.ToysModule.OrderCarProductWithCod">
        <test-method is-config="true" signature="configBC()[pri:0, instance:com.shopping.ToysModule.OrderCarProductWithCod@10d307f1]" started-at="2024-07-12T13:02:47Z" name="configBC" finished-at="2024-07-12T13:02:48Z" duration-ms="806" status="PASS">
          <reporter-output>
          </reporter-output>
        </test-method> <!-- configBC -->
        <test-method is-config="true" signature="configBM()[pri:0, instance:com.shopping.ToysModule.OrderCarProductWithCod@10d307f1]" started-at="2024-07-12T13:02:48Z" name="configBM" finished-at="2024-07-12T13:02:50Z" duration-ms="2106" status="PASS">
          <reporter-output>
          </reporter-output>
        </test-method> <!-- configBM -->
        <test-method signature="orderCarProductWithCod()[pri:0, instance:com.shopping.ToysModule.OrderCarProductWithCod@10d307f1]" started-at="2024-07-12T13:02:50Z" name="orderCarProductWithCod" finished-at="2024-07-12T13:02:52Z" duration-ms="1915" status="PASS">
          <reporter-output>
            <line>
              <![CDATA[ToysPage is displayed]]>
            </line>
            <line>
              <![CDATA[Metal car is displayed]]>
            </line>
            <line>
              <![CDATA[Product is added to the cart]]>
            </line>
            <line>
              <![CDATA[Alert is displayed]]>
            </line>
            <line>
              <![CDATA[Checkout button is clicked]]>
            </line>
            <line>
              <![CDATA[Submit Button is clicked]]>
            </line>
            <line>
              <![CDATA[Order Is varified form the Order History Page Button]]>
            </line>
          </reporter-output>
        </test-method> <!-- orderCarProductWithCod -->
        <test-method is-config="true" signature="configAM()[pri:0, instance:com.shopping.ToysModule.OrderCarProductWithCod@10d307f1]" started-at="2024-07-12T13:02:52Z" name="configAM" finished-at="2024-07-12T13:02:52Z" duration-ms="0" status="PASS">
          <reporter-output>
          </reporter-output>
        </test-method> <!-- configAM -->
        <test-method is-config="true" signature="configAC()[pri:0, instance:com.shopping.ToysModule.OrderCarProductWithCod@10d307f1]" started-at="2024-07-12T13:02:52Z" name="configAC" finished-at="2024-07-12T13:02:52Z" duration-ms="279" status="PASS">
          <reporter-output>
          </reporter-output>
        </test-method> <!-- configAC -->
      </class> <!-- com.shopping.ToysModule.OrderCarProductWithCod -->
    </test> <!-- Tests -->
  </suite> <!-- Suite -->
</testng-results>
